2019-06-05 19:44:35,541 - Log4JLogChute initialized using file 'velocity.log'
2019-06-05 19:44:35,543 - Initializing Velocity, Calling init()...
2019-06-05 19:44:35,543 - Starting Apache Velocity v1.7 (compiled: 2010-11-19 12:14:37)
2019-06-05 19:44:35,543 - Default Properties File: org\apache\velocity\runtime\defaults\velocity.properties
2019-06-05 19:44:35,543 - Trying to use logger class org.apache.velocity.runtime.log.AvalonLogChute
2019-06-05 19:44:35,543 - Target log system for org.apache.velocity.runtime.log.AvalonLogChute is not available (java.lang.NoClassDefFoundError: org/apache/log/format/Formatter).  Falling back to next log system...
2019-06-05 19:44:35,543 - Trying to use logger class org.apache.velocity.runtime.log.Log4JLogChute
2019-06-05 19:44:35,550 - Using logger class org.apache.velocity.runtime.log.Log4JLogChute
2019-06-05 19:44:35,555 - ResourceLoader instantiated: org.apache.velocity.runtime.resource.loader.FileResourceLoader
2019-06-05 19:44:35,556 - Do unicode file recognition:  false
2019-06-05 19:44:35,556 - FileResourceLoader : adding path '.'
2019-06-05 19:44:35,570 - ResourceCache: initialized (class org.apache.velocity.runtime.resource.ResourceCacheImpl) with class java.util.Collections$SynchronizedMap cache map.
2019-06-05 19:44:35,572 - Loaded System Directive: org.apache.velocity.runtime.directive.Stop
2019-06-05 19:44:35,573 - Loaded System Directive: org.apache.velocity.runtime.directive.Define
2019-06-05 19:44:35,574 - Loaded System Directive: org.apache.velocity.runtime.directive.Break
2019-06-05 19:44:35,575 - Loaded System Directive: org.apache.velocity.runtime.directive.Evaluate
2019-06-05 19:44:35,577 - Loaded System Directive: org.apache.velocity.runtime.directive.Literal
2019-06-05 19:44:35,578 - Loaded System Directive: org.apache.velocity.runtime.directive.Macro
2019-06-05 19:44:35,580 - Loaded System Directive: org.apache.velocity.runtime.directive.Parse
2019-06-05 19:44:35,581 - Loaded System Directive: org.apache.velocity.runtime.directive.Include
2019-06-05 19:44:35,582 - Loaded System Directive: org.apache.velocity.runtime.directive.Foreach
2019-06-05 19:44:35,628 - Created '20' parsers.
2019-06-05 19:44:35,636 - Velocimacro : "velocimacro.library" is not set.  Trying default library: VM_global_library.vm
2019-06-05 19:44:35,636 - Velocimacro : Default library not found.
2019-06-05 19:44:35,636 - Velocimacro : allowInline = true : VMs can be defined inline in templates
2019-06-05 19:44:35,636 - Velocimacro : allowInlineToOverride = false : VMs defined inline may NOT replace previous VM definitions
2019-06-05 19:44:35,636 - Velocimacro : allowInlineLocal = false : VMs defined inline will be global in scope if allowed.
2019-06-05 19:44:35,636 - Velocimacro : autoload off : VM system will not automatically reload global library macros
2019-06-05 19:44:35,639 - ResourceManager : unable to find resource 'ifelse.vm' in any resource loader.
2019-06-05 19:48:18,305 - Log4JLogChute initialized using file 'velocity.log'
2019-06-05 19:48:18,306 - Initializing Velocity, Calling init()...
2019-06-05 19:48:18,306 - Starting Apache Velocity v1.7 (compiled: 2010-11-19 12:14:37)
2019-06-05 19:48:18,306 - Default Properties File: org\apache\velocity\runtime\defaults\velocity.properties
2019-06-05 19:48:18,306 - Trying to use logger class org.apache.velocity.runtime.log.AvalonLogChute
2019-06-05 19:48:18,306 - Target log system for org.apache.velocity.runtime.log.AvalonLogChute is not available (java.lang.NoClassDefFoundError: org/apache/log/format/Formatter).  Falling back to next log system...
2019-06-05 19:48:18,306 - Trying to use logger class org.apache.velocity.runtime.log.Log4JLogChute
2019-06-05 19:48:18,306 - Using logger class org.apache.velocity.runtime.log.Log4JLogChute
2019-06-05 19:48:18,315 - ResourceLoader instantiated: org.apache.velocity.runtime.resource.loader.FileResourceLoader
2019-06-05 19:48:18,317 - Do unicode file recognition:  false
2019-06-05 19:48:18,317 - FileResourceLoader : adding path '.'
2019-06-05 19:48:18,338 - ResourceCache: initialized (class org.apache.velocity.runtime.resource.ResourceCacheImpl) with class java.util.Collections$SynchronizedMap cache map.
2019-06-05 19:48:18,343 - Loaded System Directive: org.apache.velocity.runtime.directive.Stop
2019-06-05 19:48:18,345 - Loaded System Directive: org.apache.velocity.runtime.directive.Define
2019-06-05 19:48:18,346 - Loaded System Directive: org.apache.velocity.runtime.directive.Break
2019-06-05 19:48:18,347 - Loaded System Directive: org.apache.velocity.runtime.directive.Evaluate
2019-06-05 19:48:18,348 - Loaded System Directive: org.apache.velocity.runtime.directive.Literal
2019-06-05 19:48:18,349 - Loaded System Directive: org.apache.velocity.runtime.directive.Macro
2019-06-05 19:48:18,350 - Loaded System Directive: org.apache.velocity.runtime.directive.Parse
2019-06-05 19:48:18,351 - Loaded System Directive: org.apache.velocity.runtime.directive.Include
2019-06-05 19:48:18,352 - Loaded System Directive: org.apache.velocity.runtime.directive.Foreach
2019-06-05 19:48:18,390 - Created '20' parsers.
2019-06-05 19:48:18,397 - Velocimacro : "velocimacro.library" is not set.  Trying default library: VM_global_library.vm
2019-06-05 19:48:18,398 - Velocimacro : Default library not found.
2019-06-05 19:48:18,398 - Velocimacro : allowInline = true : VMs can be defined inline in templates
2019-06-05 19:48:18,398 - Velocimacro : allowInlineToOverride = false : VMs defined inline may NOT replace previous VM definitions
2019-06-05 19:48:18,398 - Velocimacro : allowInlineLocal = false : VMs defined inline will be global in scope if allowed.
2019-06-05 19:48:18,398 - Velocimacro : autoload off : VM system will not automatically reload global library macros
2019-06-05 19:48:18,400 - ResourceManager : unable to find resource 'ifelse.vm' in any resource loader.
2019-06-05 19:48:35,573 - Log4JLogChute initialized using file 'velocity.log'
2019-06-05 19:48:35,574 - Initializing Velocity, Calling init()...
2019-06-05 19:48:35,574 - Starting Apache Velocity v1.7 (compiled: 2010-11-19 12:14:37)
2019-06-05 19:48:35,574 - Default Properties File: org\apache\velocity\runtime\defaults\velocity.properties
2019-06-05 19:48:35,574 - Trying to use logger class org.apache.velocity.runtime.log.AvalonLogChute
2019-06-05 19:48:35,574 - Target log system for org.apache.velocity.runtime.log.AvalonLogChute is not available (java.lang.NoClassDefFoundError: org/apache/log/format/Formatter).  Falling back to next log system...
2019-06-05 19:48:35,574 - Trying to use logger class org.apache.velocity.runtime.log.Log4JLogChute
2019-06-05 19:48:35,574 - Using logger class org.apache.velocity.runtime.log.Log4JLogChute
2019-06-05 19:48:35,578 - ResourceLoader instantiated: org.apache.velocity.runtime.resource.loader.FileResourceLoader
2019-06-05 19:48:35,579 - Do unicode file recognition:  false
2019-06-05 19:48:35,579 - FileResourceLoader : adding path '.'
2019-06-05 19:48:35,605 - ResourceCache: initialized (class org.apache.velocity.runtime.resource.ResourceCacheImpl) with class java.util.Collections$SynchronizedMap cache map.
2019-06-05 19:48:35,608 - Loaded System Directive: org.apache.velocity.runtime.directive.Stop
2019-06-05 19:48:35,612 - Loaded System Directive: org.apache.velocity.runtime.directive.Define
2019-06-05 19:48:35,615 - Loaded System Directive: org.apache.velocity.runtime.directive.Break
2019-06-05 19:48:35,619 - Loaded System Directive: org.apache.velocity.runtime.directive.Evaluate
2019-06-05 19:48:35,620 - Loaded System Directive: org.apache.velocity.runtime.directive.Literal
2019-06-05 19:48:35,625 - Loaded System Directive: org.apache.velocity.runtime.directive.Macro
2019-06-05 19:48:35,627 - Loaded System Directive: org.apache.velocity.runtime.directive.Parse
2019-06-05 19:48:35,629 - Loaded System Directive: org.apache.velocity.runtime.directive.Include
2019-06-05 19:48:35,631 - Loaded System Directive: org.apache.velocity.runtime.directive.Foreach
2019-06-05 19:48:35,696 - Created '20' parsers.
2019-06-05 19:48:35,707 - Velocimacro : "velocimacro.library" is not set.  Trying default library: VM_global_library.vm
2019-06-05 19:48:35,707 - Velocimacro : Default library not found.
2019-06-05 19:48:35,707 - Velocimacro : allowInline = true : VMs can be defined inline in templates
2019-06-05 19:48:35,707 - Velocimacro : allowInlineToOverride = false : VMs defined inline may NOT replace previous VM definitions
2019-06-05 19:48:35,708 - Velocimacro : allowInlineLocal = false : VMs defined inline will be global in scope if allowed.
2019-06-05 19:48:35,708 - Velocimacro : autoload off : VM system will not automatically reload global library macros
2019-06-05 19:48:35,709 - ResourceManager : unable to find resource 'ifelse.vm' in any resource loader.
2019-06-05 19:49:57,908 - Log4JLogChute initialized using file 'velocity.log'
2019-06-05 19:49:57,909 - Initializing Velocity, Calling init()...
2019-06-05 19:49:57,909 - Starting Apache Velocity v1.7 (compiled: 2010-11-19 12:14:37)
2019-06-05 19:49:57,909 - Default Properties File: org\apache\velocity\runtime\defaults\velocity.properties
2019-06-05 19:49:57,909 - Trying to use logger class org.apache.velocity.runtime.log.AvalonLogChute
2019-06-05 19:49:57,909 - Target log system for org.apache.velocity.runtime.log.AvalonLogChute is not available (java.lang.NoClassDefFoundError: org/apache/log/format/Formatter).  Falling back to next log system...
2019-06-05 19:49:57,909 - Trying to use logger class org.apache.velocity.runtime.log.Log4JLogChute
2019-06-05 19:49:57,909 - Using logger class org.apache.velocity.runtime.log.Log4JLogChute
2019-06-05 19:49:57,917 - ResourceLoader instantiated: org.apache.velocity.runtime.resource.loader.FileResourceLoader
2019-06-05 19:49:57,918 - Do unicode file recognition:  false
2019-06-05 19:49:57,918 - FileResourceLoader : adding path '.'
2019-06-05 19:49:57,943 - ResourceCache: initialized (class org.apache.velocity.runtime.resource.ResourceCacheImpl) with class java.util.Collections$SynchronizedMap cache map.
2019-06-05 19:49:57,946 - Loaded System Directive: org.apache.velocity.runtime.directive.Stop
2019-06-05 19:49:57,948 - Loaded System Directive: org.apache.velocity.runtime.directive.Define
2019-06-05 19:49:57,949 - Loaded System Directive: org.apache.velocity.runtime.directive.Break
2019-06-05 19:49:57,952 - Loaded System Directive: org.apache.velocity.runtime.directive.Evaluate
2019-06-05 19:49:57,953 - Loaded System Directive: org.apache.velocity.runtime.directive.Literal
2019-06-05 19:49:57,955 - Loaded System Directive: org.apache.velocity.runtime.directive.Macro
2019-06-05 19:49:57,958 - Loaded System Directive: org.apache.velocity.runtime.directive.Parse
2019-06-05 19:49:57,959 - Loaded System Directive: org.apache.velocity.runtime.directive.Include
2019-06-05 19:49:57,961 - Loaded System Directive: org.apache.velocity.runtime.directive.Foreach
2019-06-05 19:49:58,014 - Created '20' parsers.
2019-06-05 19:49:58,023 - Velocimacro : "velocimacro.library" is not set.  Trying default library: VM_global_library.vm
2019-06-05 19:49:58,024 - Velocimacro : Default library not found.
2019-06-05 19:49:58,024 - Velocimacro : allowInline = true : VMs can be defined inline in templates
2019-06-05 19:49:58,024 - Velocimacro : allowInlineToOverride = false : VMs defined inline may NOT replace previous VM definitions
2019-06-05 19:49:58,024 - Velocimacro : allowInlineLocal = false : VMs defined inline will be global in scope if allowed.
2019-06-05 19:49:58,024 - Velocimacro : autoload off : VM system will not automatically reload global library macros
2019-06-05 19:49:58,026 - ResourceManager : unable to find resource 'ifelse.vm' in any resource loader.
2019-06-05 19:50:37,474 - Log4JLogChute initialized using file 'velocity.log'
2019-06-05 19:50:37,475 - Initializing Velocity, Calling init()...
2019-06-05 19:50:37,476 - Starting Apache Velocity v1.7 (compiled: 2010-11-19 12:14:37)
2019-06-05 19:50:37,476 - Default Properties File: org\apache\velocity\runtime\defaults\velocity.properties
2019-06-05 19:50:37,476 - Trying to use logger class org.apache.velocity.runtime.log.AvalonLogChute
2019-06-05 19:50:37,476 - Target log system for org.apache.velocity.runtime.log.AvalonLogChute is not available (java.lang.NoClassDefFoundError: org/apache/log/format/Formatter).  Falling back to next log system...
2019-06-05 19:50:37,476 - Trying to use logger class org.apache.velocity.runtime.log.Log4JLogChute
2019-06-05 19:50:37,476 - Using logger class org.apache.velocity.runtime.log.Log4JLogChute
2019-06-05 19:50:37,708 - ResourceLoader instantiated: org.apache.velocity.runtime.resource.loader.FileResourceLoader
2019-06-05 19:50:37,711 - Do unicode file recognition:  false
2019-06-05 19:50:37,711 - FileResourceLoader : adding path '.'
2019-06-05 19:50:37,733 - ResourceCache: initialized (class org.apache.velocity.runtime.resource.ResourceCacheImpl) with class java.util.Collections$SynchronizedMap cache map.
2019-06-05 19:50:37,735 - Loaded System Directive: org.apache.velocity.runtime.directive.Stop
2019-06-05 19:50:37,737 - Loaded System Directive: org.apache.velocity.runtime.directive.Define
2019-06-05 19:50:37,738 - Loaded System Directive: org.apache.velocity.runtime.directive.Break
2019-06-05 19:50:37,740 - Loaded System Directive: org.apache.velocity.runtime.directive.Evaluate
2019-06-05 19:50:37,741 - Loaded System Directive: org.apache.velocity.runtime.directive.Literal
2019-06-05 19:50:37,751 - Loaded System Directive: org.apache.velocity.runtime.directive.Macro
2019-06-05 19:50:37,753 - Loaded System Directive: org.apache.velocity.runtime.directive.Parse
2019-06-05 19:50:37,758 - Loaded System Directive: org.apache.velocity.runtime.directive.Include
2019-06-05 19:50:37,760 - Loaded System Directive: org.apache.velocity.runtime.directive.Foreach
2019-06-05 19:50:37,831 - Created '20' parsers.
2019-06-05 19:50:37,844 - Velocimacro : "velocimacro.library" is not set.  Trying default library: VM_global_library.vm
2019-06-05 19:50:37,844 - Velocimacro : Default library not found.
2019-06-05 19:50:37,844 - Velocimacro : allowInline = true : VMs can be defined inline in templates
2019-06-05 19:50:37,844 - Velocimacro : allowInlineToOverride = false : VMs defined inline may NOT replace previous VM definitions
2019-06-05 19:50:37,844 - Velocimacro : allowInlineLocal = false : VMs defined inline will be global in scope if allowed.
2019-06-05 19:50:37,844 - Velocimacro : autoload off : VM system will not automatically reload global library macros
2019-06-05 19:52:05,041 - ResourceManager : unable to find resource 'ifelse.vm' in any resource loader.
2019-06-05 19:53:17,193 - Log4JLogChute initialized using file 'velocity.log'
2019-06-05 19:53:17,193 - Initializing Velocity, Calling init()...
2019-06-05 19:53:17,193 - Starting Apache Velocity v1.7 (compiled: 2010-11-19 12:14:37)
2019-06-05 19:53:17,193 - Default Properties File: org\apache\velocity\runtime\defaults\velocity.properties
2019-06-05 19:53:17,193 - Trying to use logger class org.apache.velocity.runtime.log.AvalonLogChute
2019-06-05 19:53:17,193 - Target log system for org.apache.velocity.runtime.log.AvalonLogChute is not available (java.lang.NoClassDefFoundError: org/apache/log/format/Formatter).  Falling back to next log system...
2019-06-05 19:53:17,193 - Trying to use logger class org.apache.velocity.runtime.log.Log4JLogChute
2019-06-05 19:53:17,193 - Using logger class org.apache.velocity.runtime.log.Log4JLogChute
2019-06-05 19:53:17,198 - ResourceLoader instantiated: org.apache.velocity.runtime.resource.loader.FileResourceLoader
2019-06-05 19:53:17,201 - Do unicode file recognition:  false
2019-06-05 19:53:17,201 - FileResourceLoader : adding path '.'
2019-06-05 19:53:17,219 - ResourceCache: initialized (class org.apache.velocity.runtime.resource.ResourceCacheImpl) with class java.util.Collections$SynchronizedMap cache map.
2019-06-05 19:53:17,220 - Loaded System Directive: org.apache.velocity.runtime.directive.Stop
2019-06-05 19:53:17,221 - Loaded System Directive: org.apache.velocity.runtime.directive.Define
2019-06-05 19:53:17,222 - Loaded System Directive: org.apache.velocity.runtime.directive.Break
2019-06-05 19:53:17,223 - Loaded System Directive: org.apache.velocity.runtime.directive.Evaluate
2019-06-05 19:53:17,224 - Loaded System Directive: org.apache.velocity.runtime.directive.Literal
2019-06-05 19:53:17,225 - Loaded System Directive: org.apache.velocity.runtime.directive.Macro
2019-06-05 19:53:17,226 - Loaded System Directive: org.apache.velocity.runtime.directive.Parse
2019-06-05 19:53:17,227 - Loaded System Directive: org.apache.velocity.runtime.directive.Include
2019-06-05 19:53:17,228 - Loaded System Directive: org.apache.velocity.runtime.directive.Foreach
2019-06-05 19:53:17,263 - Created '20' parsers.
2019-06-05 19:53:17,269 - Velocimacro : "velocimacro.library" is not set.  Trying default library: VM_global_library.vm
2019-06-05 19:53:17,269 - Velocimacro : Default library not found.
2019-06-05 19:53:17,270 - Velocimacro : allowInline = true : VMs can be defined inline in templates
2019-06-05 19:53:17,270 - Velocimacro : allowInlineToOverride = false : VMs defined inline may NOT replace previous VM definitions
2019-06-05 19:53:17,270 - Velocimacro : allowInlineLocal = false : VMs defined inline will be global in scope if allowed.
2019-06-05 19:53:17,270 - Velocimacro : autoload off : VM system will not automatically reload global library macros
2019-06-05 19:53:17,271 - ResourceManager : unable to find resource 'ifelse.vm' in any resource loader.
2019-06-05 19:57:04,959 - Log4JLogChute initialized using file 'velocity.log'
2019-06-05 19:57:04,960 - Initializing Velocity, Calling init()...
2019-06-05 19:57:04,960 - Starting Apache Velocity v1.7 (compiled: 2010-11-19 12:14:37)
2019-06-05 19:57:04,960 - Default Properties File: org\apache\velocity\runtime\defaults\velocity.properties
2019-06-05 19:57:04,960 - Trying to use logger class org.apache.velocity.runtime.log.AvalonLogChute
2019-06-05 19:57:04,960 - Target log system for org.apache.velocity.runtime.log.AvalonLogChute is not available (java.lang.NoClassDefFoundError: org/apache/log/format/Formatter).  Falling back to next log system...
2019-06-05 19:57:04,960 - Trying to use logger class org.apache.velocity.runtime.log.Log4JLogChute
2019-06-05 19:57:04,960 - Using logger class org.apache.velocity.runtime.log.Log4JLogChute
2019-06-05 19:57:04,967 - ResourceLoader instantiated: org.apache.velocity.runtime.resource.loader.FileResourceLoader
2019-06-05 19:57:04,970 - Do unicode file recognition:  false
2019-06-05 19:57:04,970 - FileResourceLoader : adding path '.'
2019-06-05 19:57:04,982 - ResourceCache: initialized (class org.apache.velocity.runtime.resource.ResourceCacheImpl) with class java.util.Collections$SynchronizedMap cache map.
2019-06-05 19:57:04,986 - Loaded System Directive: org.apache.velocity.runtime.directive.Stop
2019-06-05 19:57:04,988 - Loaded System Directive: org.apache.velocity.runtime.directive.Define
2019-06-05 19:57:04,989 - Loaded System Directive: org.apache.velocity.runtime.directive.Break
2019-06-05 19:57:04,989 - Loaded System Directive: org.apache.velocity.runtime.directive.Evaluate
2019-06-05 19:57:04,990 - Loaded System Directive: org.apache.velocity.runtime.directive.Literal
2019-06-05 19:57:04,992 - Loaded System Directive: org.apache.velocity.runtime.directive.Macro
2019-06-05 19:57:04,994 - Loaded System Directive: org.apache.velocity.runtime.directive.Parse
2019-06-05 19:57:04,996 - Loaded System Directive: org.apache.velocity.runtime.directive.Include
2019-06-05 19:57:04,997 - Loaded System Directive: org.apache.velocity.runtime.directive.Foreach
2019-06-05 19:57:05,048 - Created '20' parsers.
2019-06-05 19:57:05,055 - Velocimacro : "velocimacro.library" is not set.  Trying default library: VM_global_library.vm
2019-06-05 19:57:05,055 - Velocimacro : Default library not found.
2019-06-05 19:57:05,055 - Velocimacro : allowInline = true : VMs can be defined inline in templates
2019-06-05 19:57:05,055 - Velocimacro : allowInlineToOverride = false : VMs defined inline may NOT replace previous VM definitions
2019-06-05 19:57:05,055 - Velocimacro : allowInlineLocal = false : VMs defined inline will be global in scope if allowed.
2019-06-05 19:57:05,055 - Velocimacro : autoload off : VM system will not automatically reload global library macros
2019-06-05 19:57:05,057 - ResourceManager : unable to find resource 'ifelse.vm' in any resource loader.
2019-06-05 19:58:08,400 - Log4JLogChute initialized using file 'velocity.log'
2019-06-05 19:58:08,401 - Initializing Velocity, Calling init()...
2019-06-05 19:58:08,401 - Starting Apache Velocity v1.7 (compiled: 2010-11-19 12:14:37)
2019-06-05 19:58:08,401 - Default Properties File: org\apache\velocity\runtime\defaults\velocity.properties
2019-06-05 19:58:08,401 - Trying to use logger class org.apache.velocity.runtime.log.AvalonLogChute
2019-06-05 19:58:08,401 - Target log system for org.apache.velocity.runtime.log.AvalonLogChute is not available (java.lang.NoClassDefFoundError: org/apache/log/format/Formatter).  Falling back to next log system...
2019-06-05 19:58:08,401 - Trying to use logger class org.apache.velocity.runtime.log.Log4JLogChute
2019-06-05 19:58:08,401 - Using logger class org.apache.velocity.runtime.log.Log4JLogChute
2019-06-05 19:58:08,412 - ResourceLoader instantiated: org.apache.velocity.runtime.resource.loader.FileResourceLoader
2019-06-05 19:58:08,413 - Do unicode file recognition:  false
2019-06-05 19:58:08,413 - FileResourceLoader : adding path '.'
2019-06-05 19:58:08,432 - ResourceCache: initialized (class org.apache.velocity.runtime.resource.ResourceCacheImpl) with class java.util.Collections$SynchronizedMap cache map.
2019-06-05 19:58:08,436 - Loaded System Directive: org.apache.velocity.runtime.directive.Stop
2019-06-05 19:58:08,437 - Loaded System Directive: org.apache.velocity.runtime.directive.Define
2019-06-05 19:58:08,439 - Loaded System Directive: org.apache.velocity.runtime.directive.Break
2019-06-05 19:58:08,440 - Loaded System Directive: org.apache.velocity.runtime.directive.Evaluate
2019-06-05 19:58:08,442 - Loaded System Directive: org.apache.velocity.runtime.directive.Literal
2019-06-05 19:58:08,443 - Loaded System Directive: org.apache.velocity.runtime.directive.Macro
2019-06-05 19:58:08,445 - Loaded System Directive: org.apache.velocity.runtime.directive.Parse
2019-06-05 19:58:08,447 - Loaded System Directive: org.apache.velocity.runtime.directive.Include
2019-06-05 19:58:08,450 - Loaded System Directive: org.apache.velocity.runtime.directive.Foreach
2019-06-05 19:58:08,498 - Created '20' parsers.
2019-06-05 19:58:08,507 - Velocimacro : "velocimacro.library" is not set.  Trying default library: VM_global_library.vm
2019-06-05 19:58:08,507 - Velocimacro : Default library not found.
2019-06-05 19:58:08,507 - Velocimacro : allowInline = true : VMs can be defined inline in templates
2019-06-05 19:58:08,507 - Velocimacro : allowInlineToOverride = false : VMs defined inline may NOT replace previous VM definitions
2019-06-05 19:58:08,507 - Velocimacro : allowInlineLocal = false : VMs defined inline will be global in scope if allowed.
2019-06-05 19:58:08,507 - Velocimacro : autoload off : VM system will not automatically reload global library macros
2019-06-05 19:58:08,509 - ResourceManager : unable to find resource 'ifelse.vm' in any resource loader.
2019-06-05 19:58:37,666 - Log4JLogChute initialized using file 'velocity.log'
2019-06-05 19:58:37,666 - Initializing Velocity, Calling init()...
2019-06-05 19:58:37,667 - Starting Apache Velocity v1.7 (compiled: 2010-11-19 12:14:37)
2019-06-05 19:58:37,667 - Default Properties File: org\apache\velocity\runtime\defaults\velocity.properties
2019-06-05 19:58:37,667 - Trying to use logger class org.apache.velocity.runtime.log.AvalonLogChute
2019-06-05 19:58:37,667 - Target log system for org.apache.velocity.runtime.log.AvalonLogChute is not available (java.lang.NoClassDefFoundError: org/apache/log/format/Formatter).  Falling back to next log system...
2019-06-05 19:58:37,667 - Trying to use logger class org.apache.velocity.runtime.log.Log4JLogChute
2019-06-05 19:58:37,667 - Using logger class org.apache.velocity.runtime.log.Log4JLogChute
2019-06-05 19:58:37,674 - ResourceLoader instantiated: org.apache.velocity.runtime.resource.loader.FileResourceLoader
2019-06-05 19:58:37,676 - Do unicode file recognition:  false
2019-06-05 19:58:37,676 - FileResourceLoader : adding path '.'
2019-06-05 19:58:37,691 - ResourceCache: initialized (class org.apache.velocity.runtime.resource.ResourceCacheImpl) with class java.util.Collections$SynchronizedMap cache map.
2019-06-05 19:58:37,693 - Loaded System Directive: org.apache.velocity.runtime.directive.Stop
2019-06-05 19:58:37,694 - Loaded System Directive: org.apache.velocity.runtime.directive.Define
2019-06-05 19:58:37,695 - Loaded System Directive: org.apache.velocity.runtime.directive.Break
2019-06-05 19:58:37,696 - Loaded System Directive: org.apache.velocity.runtime.directive.Evaluate
2019-06-05 19:58:37,697 - Loaded System Directive: org.apache.velocity.runtime.directive.Literal
2019-06-05 19:58:37,698 - Loaded System Directive: org.apache.velocity.runtime.directive.Macro
2019-06-05 19:58:37,700 - Loaded System Directive: org.apache.velocity.runtime.directive.Parse
2019-06-05 19:58:37,702 - Loaded System Directive: org.apache.velocity.runtime.directive.Include
2019-06-05 19:58:37,704 - Loaded System Directive: org.apache.velocity.runtime.directive.Foreach
2019-06-05 19:58:37,748 - Created '20' parsers.
2019-06-05 19:58:37,755 - Velocimacro : "velocimacro.library" is not set.  Trying default library: VM_global_library.vm
2019-06-05 19:58:37,755 - Velocimacro : Default library not found.
2019-06-05 19:58:37,755 - Velocimacro : allowInline = true : VMs can be defined inline in templates
2019-06-05 19:58:37,755 - Velocimacro : allowInlineToOverride = false : VMs defined inline may NOT replace previous VM definitions
2019-06-05 19:58:37,755 - Velocimacro : allowInlineLocal = false : VMs defined inline will be global in scope if allowed.
2019-06-05 19:58:37,755 - Velocimacro : autoload off : VM system will not automatically reload global library macros
2019-06-05 19:58:37,757 - ResourceManager : unable to find resource 'ifelse.vm' in any resource loader.
2019-06-05 20:05:16,594 - Log4JLogChute initialized using file 'velocity.log'
2019-06-05 20:05:16,595 - Initializing Velocity, Calling init()...
2019-06-05 20:05:16,596 - Starting Apache Velocity v1.7 (compiled: 2010-11-19 12:14:37)
2019-06-05 20:05:16,596 - Default Properties File: org\apache\velocity\runtime\defaults\velocity.properties
2019-06-05 20:05:16,596 - Trying to use logger class org.apache.velocity.runtime.log.AvalonLogChute
2019-06-05 20:05:16,596 - Target log system for org.apache.velocity.runtime.log.AvalonLogChute is not available (java.lang.NoClassDefFoundError: org/apache/log/format/Formatter).  Falling back to next log system...
2019-06-05 20:05:16,596 - Trying to use logger class org.apache.velocity.runtime.log.Log4JLogChute
2019-06-05 20:05:16,596 - Using logger class org.apache.velocity.runtime.log.Log4JLogChute
2019-06-05 20:05:16,608 - ResourceLoader instantiated: org.apache.velocity.runtime.resource.loader.FileResourceLoader
2019-06-05 20:05:16,610 - Do unicode file recognition:  false
2019-06-05 20:05:16,610 - FileResourceLoader : adding path '.'
2019-06-05 20:05:16,632 - ResourceCache: initialized (class org.apache.velocity.runtime.resource.ResourceCacheImpl) with class java.util.Collections$SynchronizedMap cache map.
2019-06-05 20:05:16,634 - Loaded System Directive: org.apache.velocity.runtime.directive.Stop
2019-06-05 20:05:16,636 - Loaded System Directive: org.apache.velocity.runtime.directive.Define
2019-06-05 20:05:16,640 - Loaded System Directive: org.apache.velocity.runtime.directive.Break
2019-06-05 20:05:16,644 - Loaded System Directive: org.apache.velocity.runtime.directive.Evaluate
2019-06-05 20:05:16,645 - Loaded System Directive: org.apache.velocity.runtime.directive.Literal
2019-06-05 20:05:16,646 - Loaded System Directive: org.apache.velocity.runtime.directive.Macro
2019-06-05 20:05:16,648 - Loaded System Directive: org.apache.velocity.runtime.directive.Parse
2019-06-05 20:05:16,650 - Loaded System Directive: org.apache.velocity.runtime.directive.Include
2019-06-05 20:05:16,656 - Loaded System Directive: org.apache.velocity.runtime.directive.Foreach
2019-06-05 20:05:16,716 - Created '20' parsers.
2019-06-05 20:05:16,732 - Velocimacro : "velocimacro.library" is not set.  Trying default library: VM_global_library.vm
2019-06-05 20:05:16,732 - Velocimacro : Default library not found.
2019-06-05 20:05:16,732 - Velocimacro : allowInline = true : VMs can be defined inline in templates
2019-06-05 20:05:16,732 - Velocimacro : allowInlineToOverride = false : VMs defined inline may NOT replace previous VM definitions
2019-06-05 20:05:16,732 - Velocimacro : allowInlineLocal = false : VMs defined inline will be global in scope if allowed.
2019-06-05 20:05:16,732 - Velocimacro : autoload off : VM system will not automatically reload global library macros
2019-06-05 20:05:16,736 - ResourceManager : unable to find resource 'ifelse.vm' in any resource loader.
2019-06-05 20:06:01,035 - Log4JLogChute initialized using file 'velocity.log'
2019-06-05 20:06:01,035 - Initializing Velocity, Calling init()...
2019-06-05 20:06:01,035 - Starting Apache Velocity v1.7 (compiled: 2010-11-19 12:14:37)
2019-06-05 20:06:01,035 - Default Properties File: org\apache\velocity\runtime\defaults\velocity.properties
2019-06-05 20:06:01,035 - Trying to use logger class org.apache.velocity.runtime.log.AvalonLogChute
2019-06-05 20:06:01,036 - Target log system for org.apache.velocity.runtime.log.AvalonLogChute is not available (java.lang.NoClassDefFoundError: org/apache/log/format/Formatter).  Falling back to next log system...
2019-06-05 20:06:01,036 - Trying to use logger class org.apache.velocity.runtime.log.Log4JLogChute
2019-06-05 20:06:01,036 - Using logger class org.apache.velocity.runtime.log.Log4JLogChute
2019-06-05 20:06:01,042 - ResourceLoader instantiated: org.apache.velocity.runtime.resource.loader.FileResourceLoader
2019-06-05 20:06:01,043 - Do unicode file recognition:  false
2019-06-05 20:06:01,044 - FileResourceLoader : adding path '.'
2019-06-05 20:06:01,063 - ResourceCache: initialized (class org.apache.velocity.runtime.resource.ResourceCacheImpl) with class java.util.Collections$SynchronizedMap cache map.
2019-06-05 20:06:01,065 - Loaded System Directive: org.apache.velocity.runtime.directive.Stop
2019-06-05 20:06:01,067 - Loaded System Directive: org.apache.velocity.runtime.directive.Define
2019-06-05 20:06:01,070 - Loaded System Directive: org.apache.velocity.runtime.directive.Break
2019-06-05 20:06:01,072 - Loaded System Directive: org.apache.velocity.runtime.directive.Evaluate
2019-06-05 20:06:01,073 - Loaded System Directive: org.apache.velocity.runtime.directive.Literal
2019-06-05 20:06:01,077 - Loaded System Directive: org.apache.velocity.runtime.directive.Macro
2019-06-05 20:06:01,079 - Loaded System Directive: org.apache.velocity.runtime.directive.Parse
2019-06-05 20:06:01,081 - Loaded System Directive: org.apache.velocity.runtime.directive.Include
2019-06-05 20:06:01,082 - Loaded System Directive: org.apache.velocity.runtime.directive.Foreach
2019-06-05 20:06:01,127 - Created '20' parsers.
2019-06-05 20:06:01,133 - Velocimacro : "velocimacro.library" is not set.  Trying default library: VM_global_library.vm
2019-06-05 20:06:01,133 - Velocimacro : Default library not found.
2019-06-05 20:06:01,133 - Velocimacro : allowInline = true : VMs can be defined inline in templates
2019-06-05 20:06:01,133 - Velocimacro : allowInlineToOverride = false : VMs defined inline may NOT replace previous VM definitions
2019-06-05 20:06:01,133 - Velocimacro : allowInlineLocal = false : VMs defined inline will be global in scope if allowed.
2019-06-05 20:06:01,133 - Velocimacro : autoload off : VM system will not automatically reload global library macros
2019-06-05 20:06:01,135 - ResourceManager : unable to find resource 'ifelse.vm' in any resource loader.
2019-06-05 20:08:53,937 - Log4JLogChute initialized using file 'velocity.log'
2019-06-05 20:08:53,937 - Initializing Velocity, Calling init()...
2019-06-05 20:08:53,938 - Starting Apache Velocity v1.7 (compiled: 2010-11-19 12:14:37)
2019-06-05 20:08:53,938 - Default Properties File: org\apache\velocity\runtime\defaults\velocity.properties
2019-06-05 20:08:53,938 - Trying to use logger class org.apache.velocity.runtime.log.AvalonLogChute
2019-06-05 20:08:53,938 - Target log system for org.apache.velocity.runtime.log.AvalonLogChute is not available (java.lang.NoClassDefFoundError: org/apache/log/format/Formatter).  Falling back to next log system...
2019-06-05 20:08:53,938 - Trying to use logger class org.apache.velocity.runtime.log.Log4JLogChute
2019-06-05 20:08:53,938 - Using logger class org.apache.velocity.runtime.log.Log4JLogChute
2019-06-05 20:08:53,948 - ResourceLoader instantiated: org.apache.velocity.runtime.resource.loader.FileResourceLoader
2019-06-05 20:08:53,949 - Do unicode file recognition:  false
2019-06-05 20:08:53,949 - FileResourceLoader : adding path '.'
2019-06-05 20:08:53,969 - ResourceCache: initialized (class org.apache.velocity.runtime.resource.ResourceCacheImpl) with class java.util.Collections$SynchronizedMap cache map.
2019-06-05 20:08:53,971 - Loaded System Directive: org.apache.velocity.runtime.directive.Stop
2019-06-05 20:08:53,975 - Loaded System Directive: org.apache.velocity.runtime.directive.Define
2019-06-05 20:08:53,976 - Loaded System Directive: org.apache.velocity.runtime.directive.Break
2019-06-05 20:08:53,977 - Loaded System Directive: org.apache.velocity.runtime.directive.Evaluate
2019-06-05 20:08:53,978 - Loaded System Directive: org.apache.velocity.runtime.directive.Literal
2019-06-05 20:08:53,985 - Loaded System Directive: org.apache.velocity.runtime.directive.Macro
2019-06-05 20:08:53,986 - Loaded System Directive: org.apache.velocity.runtime.directive.Parse
2019-06-05 20:08:53,989 - Loaded System Directive: org.apache.velocity.runtime.directive.Include
2019-06-05 20:08:53,990 - Loaded System Directive: org.apache.velocity.runtime.directive.Foreach
2019-06-05 20:08:54,037 - Created '20' parsers.
2019-06-05 20:08:54,045 - Velocimacro : "velocimacro.library" is not set.  Trying default library: VM_global_library.vm
2019-06-05 20:08:54,045 - Velocimacro : Default library not found.
2019-06-05 20:08:54,045 - Velocimacro : allowInline = true : VMs can be defined inline in templates
2019-06-05 20:08:54,045 - Velocimacro : allowInlineToOverride = false : VMs defined inline may NOT replace previous VM definitions
2019-06-05 20:08:54,045 - Velocimacro : allowInlineLocal = false : VMs defined inline will be global in scope if allowed.
2019-06-05 20:08:54,046 - Velocimacro : autoload off : VM system will not automatically reload global library macros
2019-06-05 20:08:54,047 - ResourceManager : unable to find resource 'ifelse.vm' in any resource loader.
